     1                                 %line 1+1 ast9procs.asm
     2                                 
     3                                 
     4                                 
     5                                 
     6                                 
     7                                 
     8                                 
     9                                 
    10                                 
    11                                 
    12                                 
    13                                 
    14                                 
    15                                 
    16                                 
    17                                 
    18                                 
    19                                 
    20                                 
    21                                 
    22                                 
    23                                 
    24                                 
    25                                 
    26                                 
    27                                 
    28                                 
    29                                 
    30                                 
    31                                 
    32                                 
    33                                 
    34                                 
    35                                 [section .data]
    36                                 
    37                                 
    38                                 
    39                                 
    40                                 TRUE equ 1
    41                                 FALSE equ 0
    42                                 
    43                                 EXIT_SUCCESS equ 0
    44                                 
    45                                 STDIN equ 0
    46                                 STDOUT equ 1
    47                                 STDERR equ 2
    48                                 
    49                                 SYS_read equ 0
    50                                 SYS_write equ 1
    51                                 SYS_open equ 2
    52                                 SYS_close equ 3
    53                                 SYS_fork equ 57
    54                                 SYS_exit equ 60
    55                                 SYS_creat equ 85
    56                                 SYS_time equ 201
    57                                 
    58                                 LF equ 10
    59                                 SPACE equ " "
    60                                 NULL equ 0
    61                                 ESC equ 27
    62                                 
    63                                 
    64                                 
    65                                 
    66                                 SUCCESS equ 0
    67                                 NOSUCCESS equ 1
    68                                 OUTOFRANGEMIN equ 2
    69                                 OUTOFRANGEMAX equ 3
    70                                 INPUTOVERFLOW equ 4
    71                                 ENDOFINPUT equ 5
    72                                 
    73                                 LIMIT equ 1510
    74                                 
    75                                 MIN equ -100000
    76                                 MAX equ 100000
    77                                 
    78                                 BUFFSIZE equ 50
    79                                 
    80                                 
    81                                 
    82                                 
    83                                 
    84                                 
    85                                 
    86                                 
    87                                 [section .text]
    88                                 
    89                                 
    90                                 
    91                                 
    92                                 
    93                                 
    94                                 
    95                                 
    96                                 
    97                                 
    98                                 
    99                                 
   100                                 
   101                                 
   102                                 
   103                                 
   104                                 
   105                                 
   106                                 
   107                                 
   108                                 
   109                                 
   110                                 
   111                                 
   112                                 
   113                                 [global readSeptNum]
   114                                 readSeptNum:
   115 00000000 55                      push rbp
   116 00000001 4889E5                  mov rbp,rsp
   117 00000004 57                      push rdi
   118 00000005 56                      push rsi
   119 00000006 53                      push rbx
   120 00000007 4154                    push r12
   121 00000009 4155                    push r13
   122 0000000B 4156                    push r14
   123 0000000D 4157                    push r15
   124                                 
   125 0000000F 4883EC37                sub rsp, 55
   126 00000013 C745CA07000000          mov dword[rbp-54], 7
   127 0000001A 4C8D27                  lea r12, dword[rdi]
   128 0000001D 488D5DCE                lea rbx, byte[rbp-50]
   129 00000021 49C7C500000000          mov r13, 0
   130                                 
   131                                 
   132                                 
   133                                 getChar:
   134                                 
   135 00000028 48C7C000000000          mov rax, SYS_read
   136 0000002F 48C7C700000000          mov rdi, STDIN
   137 00000036 488D75C9                lea rsi, byte[rbp-55]
   138 0000003A 48C7C201000000          mov rdx,1
   139 00000041 0F05                    syscall
   140                                 
   141                                 
   142                                 
   143                                 
   144                                 
   145                                 
   146                                 
   147                                 
   148                                 
   149 00000043 8A45C9                  mov al,byte[rbp-55]
   150 00000046 3C0A                    cmp al, LF
   151 00000048 740D                    je inputDone
   152                                 
   153 0000004A 4983FD31                cmp r13, BUFFSIZE-1
   154 0000004E 7705                    ja buffFull
   155 00000050 4288042B                mov byte[rbx+r13], al
   156 00000054 49FFC5                  inc r13
   157                                 buffFull:
   158 00000057 EBCD                    jmp getChar
   159                                 
   160                                 
   161                                 inputDone:
   162                                 
   163                                 
   164                                 
   165                                 
   166 00000059 4983FD32                cmp r13, BUFFSIZE
   167 0000005D 720A                    jb checkInput
   168 0000005F 48C7C004000000          mov rax, INPUTOVERFLOW
   169 00000066 E909010000              jmp readFuncDone
   170                                 
   171                                 checkInput:
   172 0000006B 42C6042B00              mov byte[rbx+r13], NULL
   173 00000070 803B00                  cmp byte[rbx], NULL
   174 00000073 0F84D8000000            je end
   175 00000079 49C7C500000000          mov r13, 0
   176                                 
   177                                 checkWhiteSpace:
   178 00000080 42803C2B20              cmp byte[rbx+r13], " "
   179 00000085 7503                    jne positive
   180 00000087 49FFC5                  inc r13
   181 0000008A EBF2                    jmp checkWhiteSpace
   182                                 
   183                                 positive:
   184 0000008C 42807C2B0100            cmp byte[rbx+r13+1], NULL
   185 00000092 0F84B0000000            je invalid
   186 00000098 42803C2B2B              cmp byte[rbx+r13],"+"
   187 0000009D 7415                    je scanInput
   188                                 
   189                                 negative:
   190 0000009F 42803C2B2D              cmp byte[rbx+r13],"-"
   191 000000A4 0F859E000000            jne invalid
   192 000000AA 42807C2B0100            cmp byte[rbx+r13+1], NULL
   193 000000B0 0F8492000000            je invalid
   194                                 
   195                                 
   196                                 scanInput:
   197 000000B6 49FFC5                  inc r13
   198 000000B9 42803C2B36              cmp byte[rbx+r13], "6"
   199 000000BE 0F8784000000            ja invalid
   200 000000C4 42803C2B00              cmp byte[rbx+r13], NULL
   201 000000C9 7407                    je aSept2int
   202 000000CB 42803C2B30              cmp byte[rbx+r13], "0"
   203 000000D0 727A                    jb invalid
   204 000000D2 EBE0                    jmp scanInput
   205                                 
   206                                 aSept2int:
   207                                 
   208 000000D4 49C7C500000000         mov r13, 0
   209 000000DB 49C7C600000000         mov r14, 0
   210 000000E2 B800000000             mov eax, 0
   211 000000E7 41BA00000000           mov r10d, 0
   212                                 
   213 000000ED 41BB01000000           mov r11d, 1
   214 000000F3 41BF30000000           mov r15d, "0"
   215                                 
   216                                 startLoop:
   217 000000F9 468A342B                mov r14b, byte[rbx+ r13]
   218 000000FD 4180FE00                cmp r14b, NULL
   219 00000101 7432                    je Done
   220 00000103 4180FE20                cmp r14b, " "
   221 00000107 741C                    je skip
   222 00000109 4180FE2B                cmp r14b, "+"
   223 0000010D 7416                    je skip
   224 0000010F 4180FE2D                cmp r14b, "-"
   225 00000113 7415                    je negLoop
   226                                 
   227 00000115 450FBED6                movsx r10d, r14b
   228 00000119 4529FA                  sub r10d, r15d
   229 0000011C F76DCA                  imul dword[rbp-54]
   230 0000011F 4401D0                  add eax, r10d
   231                                 
   232 00000122 49FFC5                  inc r13
   233 00000125 EBD0                    jmp startLoop
   234                                 
   235                                 skip:
   236 00000127 49FFC5                  inc r13
   237 0000012A EBCB                    jmp startLoop
   238                                 
   239                                 negLoop:
   240 0000012C 41BBFFFFFFFF            mov r11d, -1
   241 00000132 49FFC5                  inc r13
   242 00000135 EBC0                    jmp startLoop
   243                                 
   244                                 Done:
   245 00000137 41F7EB                  imul r11d
   246 0000013A 3DA0860100              cmp eax, MAX
   247 0000013F 7F1D                    jg tooLarge
   248 00000141 3D6079FEFF              cmp eax, MIN
   249 00000146 7C1F                    jl tooSmall
   250 00000148 41890424                mov dword[r12], eax
   251 0000014C EB22                    jmp successful
   252                                 
   253                                 invalid:
   254 0000014E 48C7C001000000          mov rax, NOSUCCESS
   255 00000155 EB20                    jmp readFuncDone
   256                                 
   257                                 end:
   258 00000157 48C7C005000000          mov rax, ENDOFINPUT
   259 0000015E EB17                    jmp readFuncDone
   260                                 
   261                                 tooLarge:
   262 00000160 48C7C003000000          mov rax, OUTOFRANGEMAX
   263 00000167 EB0E                    jmp readFuncDone
   264                                 
   265                                 tooSmall:
   266 00000169 48C7C002000000          mov rax, OUTOFRANGEMIN
   267 00000170 EB05                    jmp readFuncDone
   268                                 
   269                                 successful:
   270 00000172 48C7C000000000          mov rax, SUCCESS
   271                                 
   272                                 readFuncDone:
   273 00000179 4883C437                add rsp, 55
   274 0000017D 415F                    pop r15
   275 0000017F 415E                    pop r14
   276 00000181 415D                    pop r13
   277 00000183 415C                    pop r12
   278 00000185 5B                      pop rbx
   279 00000186 5E                      pop rsi
   280 00000187 5F                      pop rdi
   281 00000188 5D                      pop rbp
   282 00000189 C3                      ret
   283                                 
   284                                 
   285                                 
   286                                 
   287                                 
   288                                 
   289                                 
   290                                 
   291                                 
   292                                 
   293                                 
   294                                 
   295                                 
   296                                 
   297                                 
   298                                 
   299                                 
   300                                 [global shellSort]
   301                                 shellSort:
   302                                 
   303 0000018A 53                     push rbx
   304 0000018B 4150                   push r8
   305 0000018D 4151                   push r9
   306 0000018F 4152                   push r10
   307 00000191 4153                   push r11
   308 00000193 4154                   push r12
   309                                 
   310 00000195 B801000000             mov eax, 1
   311 0000019A BB03000000             mov ebx, 3
   312 0000019F 49C7C000000000         mov r8, 0
   313 000001A6 49C7C100000000         mov r9, 0
   314 000001AD 49C7C200000000         mov r10, 0
   315 000001B4 49C7C300000000         mov r11, 0
   316                                 
   317                                 
   318                                 loop1:
   319 000001BB F7EB                    imul ebx
   320 000001BD FFC0                    inc eax
   321 000001BF 39F0                    cmp eax, esi
   322 000001C1 7CF6                    jl loop1
   323 000001C3 FFC8                    dec eax
   324 000001C5 99                      cdq
   325 000001C6 F7FB                    idiv ebx
   326                                 
   327                                 
   328                                 loop2:
   329 000001C8 83F800                 cmp eax, 0
   330 000001CB 7E42                   jle done
   331                                 
   332                                 
   333                                 
   334 000001CD 4189C0                 mov r8d, eax
   335 000001D0 41FFC8                 dec r8d
   336                                 
   337                                 loop3:
   338 000001D3 4139F0                  cmp r8d, esi
   339 000001D6 7D32                    jge loop6
   340 000001D8 4D89C2                  mov r10, r8
   341 000001DB 468B0C97                mov r9d, dword[rdi+r10*4]
   342 000001DF 4589C3                  mov r11d, r8d
   343                                 
   344                                 
   345                                 loop4:
   346 000001E2 4139C3                  cmp r11d, eax
   347 000001E5 7C17                    jl loop5
   348 000001E7 4D89DA                  mov r10, r11
   349 000001EA 4929C2                  sub r10, rax
   350 000001ED 46390C97                cmp dword[rdi+r10*4], r9d
   351 000001F1 7E0B                    jle loop5
   352                                 
   353 000001F3 468B2497                mov r12d, dword[rdi+r10*4]
   354 000001F7 4689249F                mov dword[rdi+r11*4], r12d
   355                                 
   356 000001FB 4129C3                  sub r11d, eax
   357 000001FE EBE0                    jmp loop4
   358                                 
   359                                 
   360                                  loop5:
   361 00000200 4D89DA                  mov r10, r11
   362 00000203 46890C97                mov dword[rdi+r10*4], r9d
   363 00000207 41FFC0                  inc r8d
   364 0000020A EBC5                    jmp loop3
   365                                 
   366                                 
   367                                 loop6:
   368 0000020C 99                     cdq
   369 0000020D F7FB                   idiv ebx
   370 0000020F EBB5                   jmp loop2
   371                                 done:
   372                                 
   373 00000211 415C                   pop r12
   374 00000213 415B                   pop r11
   375 00000215 415A                   pop r10
   376 00000217 4159                   pop r9
   377 00000219 4158                   pop r8
   378 0000021B 5B                     pop rbx
   379                                 
   380                                 
   381                                 
   382                                 
   383                                 
   384                                 
   385 0000021C C3                      ret
   386                                 
   387                                 
   388                                 
   389                                 
   390                                 
   391                                 
   392                                 
   393                                 
   394                                 
   395                                 
   396                                 
   397                                 
   398                                 
   399                                 
   400                                 
   401                                 
   402                                 
   403                                 
   404                                 
   405                                 
   406                                 
   407                                 
   408                                 
   409                                 
   410                                 [global basicStats]
   411                                 basicStats:
   412 0000021D 55                      push rbp
   413 0000021E 4889E5                  mov rbp, rsp
   414 00000221 4157                    push r15
   415 00000223 4156                    push r14
   416 00000225 4155                    push r13
   417 00000227 4154                    push r12
   418                                 
   419                                 
   420                                 
   421 00000229 448B37                 mov r14d, dword[rdi]
   422 0000022C 448932                 mov dword[rdx], r14d
   423 0000022F 448B74B7FC             mov r14d, dword[rdi+(rsi-1)*4]
   424 00000234 458930                 mov dword[r8], r14d
   425                                 
   426                                 
   427                                 
   428 00000237 4989D7                 mov r15, rdx
   429 0000023A 41BE02000000           mov r14d, 2
   430 00000240 89F0                   mov eax, esi
   431 00000242 99                     cdq
   432 00000243 41F7FE                 idiv r14d
   433 00000246 49C7C500000000         mov r13,0
   434 0000024D 4189C5                 mov r13d, eax
   435 00000250 83FA00                 cmp edx, 0
   436 00000253 7403                   je evenMed
   437 00000255 83FA01                 cmp edx,1
   438 00000258 740D                   je oddMed
   439                                 
   440                                 evenMed:
   441 0000025A 428B04AF               mov eax, dword[rdi+(r13)*4]
   442 0000025E 420344AFFC             add eax, dword[rdi+(r13-1)*4]
   443 00000263 99                     cdq
   444 00000264 41F7FE                 idiv r14d
   445 00000267 EB02                   jmp fin
   446                                 
   447                                 oddMed:
   448 00000269 428B04AF               mov eax, dword[rdi+(r13)*4]
   449                                 
   450                                 fin:
   451 0000026D 8901                   mov dword[rcx], eax
   452 0000026F 4C89FA                 mov rdx, r15
   453                                 
   454                                 
   455 00000272 E81F000000             call lstSum
   456 00000277 418901                 mov dword[r9], eax
   457                                 
   458 0000027A 49C7C400000000         mov r12, 0
   459 00000281 E837000000             call lstAve
   460 00000286 4C8B6510               mov r12, qword[rbp+16]
   461 0000028A 41890424               mov dword[r12], eax
   462                                 
   463                                 
   464                                 
   465 0000028E 415C                    pop r12
   466 00000290 415D                    pop r13
   467 00000292 415E                    pop r14
   468 00000294 415F                    pop r15
   469 00000296 4889EC                  mov rsp, rbp
   470 00000299 5D                      pop rbp
   471 0000029A C3                      ret
   472                                 
   473                                 
   474                                 
   475                                 
   476                                 
   477                                 
   478                                 
   479                                 
   480                                 
   481                                 
   482                                 
   483                                 
   484                                 
   485                                 
   486                                 
   487                                 
   488                                 
   489                                 [global lstSum]
   490                                 lstSum:
   491                                 
   492                                 
   493                                 
   494 0000029B 55                     push rbp
   495 0000029C 4889E5                 mov rbp, rsp
   496 0000029F 4157                   push r15
   497                                 
   498 000002A1 49C7C700000000         mov r15, 0
   499 000002A8 48C7C000000000         mov rax, 0
   500                                 sumLstLoop:
   501 000002AF 420304BF                add eax, dword[rdi+(r15*4)]
   502 000002B3 41FFC7                  inc r15d
   503 000002B6 4139F7                  cmp r15d, esi
   504 000002B9 75F2                    jne sumLstLoop
   505                                 
   506 000002BB 415F                   pop r15
   507 000002BD 4889EC                 mov rsp, rbp
   508 000002C0 5D                     pop rbp
   509 000002C1 C3                      ret
   510                                 
   511                                 
   512                                 
   513                                 
   514                                 
   515                                 
   516                                 
   517                                 
   518                                 
   519                                 
   520                                 
   521                                 
   522                                 
   523                                 
   524                                 
   525                                 
   526                                 
   527                                 
   528                                 [global lstAve]
   529                                 lstAve:
   530 000002C2 55                      push rbp
   531 000002C3 4889E5                  mov rbp, rsp
   532                                 
   533 000002C6 E8CBFFFFFF              call lstSum
   534 000002CB 99                      cdq
   535 000002CC 48F7FE                  idiv rsi
   536                                 
   537 000002CF 4889EC                  mov rsp, rbp
   538 000002D2 5D                      pop rbp
   539 000002D3 C3                      ret
   540                                 
   541                                 
   542                                 
   543                                 
   544                                 
   545                                 
   546                                 
   547                                 
   548                                 
   549                                 
   550                                 
   551                                 
   552                                 
   553                                 
   554                                 
   555                                 
   556                                 
   557                                 
   558                                 
   559                                 
   560                                 
   561                                 
   562                                 
   563                                 
   564                                 [global linearRegression]
   565                                 linearRegression:
   566                                 
   567                                 
   568                                 
   569                                 
   570                                 
   571                                 
   572                                 
   573                                 
   574 000002D4 55                      push rbp
   575 000002D5 4889E5                  mov rbp, rsp
   576 000002D8 4152                    push r10
   577 000002DA 4153                    push r11
   578 000002DC 4154                    push r12
   579 000002DE 4155                    push r13
   580 000002E0 4156                    push r14
   581 000002E2 4157                    push r15
   582 000002E4 53                      push rbx
   583 000002E5 52                      push rdx
   584                                 
   585 000002E6 48C7C000000000          mov rax,0
   586 000002ED 49C7C200000000          mov r10, 0
   587 000002F4 4989D3                  mov r11, rdx
   588 000002F7 49C7C400000000          mov r12, 0
   589 000002FE 49C7C500000000          mov r13, 0
   590 00000305 49C7C600000000          mov r14, 0
   591 0000030C 49C7C700000000          mov r15, 0
   592 00000313 488B5D10                mov rbx, qword[rbp + 16]
   593                                 
   594                                 
   595                                 
   596                                 
   597                                  loopReg:
   598 00000317 428B0497                mov eax, dword[rdi+r10*4]
   599 0000031B 29C8                    sub eax, ecx
   600 0000031D 468B3C96                mov r15d, dword[rsi+r10*4]
   601 00000321 4529C7                  sub r15d, r8d
   602 00000324 41F7EF                  imul r15d
   603 00000327 4863C0                  movsxd rax, eax
   604 0000032A 4901C6                  add r14, rax
   605                                 
   606 0000032D 428B0497                mov eax, dword[rdi+r10*4]
   607 00000331 29C8                    sub eax, ecx
   608 00000333 F7E8                    imul eax
   609 00000335 4863C0                  movsxd rax, eax
   610 00000338 4901C5                  add r13, rax
   611                                 
   612 0000033B 49FFC2                  inc r10
   613 0000033E 4D39DA                  cmp r10, r11
   614 00000341 75D2                    jne loopReg
   615                                 
   616 00000343 4C89F0                  mov rax, r14
   617 00000346 4899                    cqo
   618 00000348 49F7FD                  idiv r13
   619 0000034B 488903                  mov qword[rbx], rax
   620                                 
   621 0000034E 48F7E9                  imul rcx
   622 00000351 4D89C4                  mov r12, r8
   623 00000354 4929C4                  sub r12, rax
   624 00000357 458921                  mov dword[r9], r12d
   625                                 
   626                                 
   627 0000035A 5A                      pop rdx
   628 0000035B 5B                      pop rbx
   629 0000035C 415F                    pop r15
   630 0000035E 415E                    pop r14
   631 00000360 415D                    pop r13
   632 00000362 415C                    pop r12
   633 00000364 415B                    pop r11
   634 00000366 415A                    pop r10
   635 00000368 4889EC                  mov rsp, rbp
   636 0000036B 5D                      pop rbp
   637 0000036C C3                      ret
   638                                 
   639                                 
   640                                 
   641                                 
   642                                 
   643                                 
