     1                                 %line 1+1 ast07.asm
     2                                 
     3                                 
     4                                 
     5                                 
     6                                 
     7                                 
     8                                 
     9                                 
    10                                 
    11                                 
    12                                 
    13                                 
    14                                 
    15                                 
    16                                 
    17                                 
    18                                 
    19                                 
    20                                 
    21                                 
    22                                 
    23                                 
    24                                 
    25                                 
    26                                 
    27                                 
    28                                 
    29                                 
    30                                 
    31                                 
    32                                 
    33                                 
    34                                 
    35                                 
    36                                 
    37                                 
    38                                 
    39                                 
    40                                 
    41                                 
    42                                 
    43                                 
    44                                 
    45                                 
    46                                 
    47                                 
    48                                 %line 106+1 ast07.asm
    49                                 
    50                                 
    51                                 
    52                                 
    53                                 
    54                                 
    55                                 
    56                                 
    57                                 
    58                                 
    59                                 
    60                                 
    61                                 
    62                                 %line 147+1 ast07.asm
    63                                 
    64                                 
    65                                 
    66                                 
    67                                 [section .data]
    68                                 
    69                                 
    70                                 
    71                                 
    72                                 TRUE equ 1
    73                                 FALSE equ 0
    74                                 
    75                                 EXIT_SUCCESS equ 0
    76                                 
    77                                 STDIN equ 0
    78                                 STDOUT equ 1
    79                                 STDERR equ 2
    80                                 
    81                                 SYS_read equ 0
    82                                 SYS_write equ 1
    83                                 SYS_open equ 2
    84                                 SYS_close equ 3
    85                                 SYS_fork equ 57
    86                                 SYS_exit equ 60
    87                                 SYS_creat equ 85
    88                                 SYS_time equ 201
    89                                 
    90                                 LF equ 10
    91                                 NULL equ 0
    92                                 ESC equ 27
    93                                 
    94                                 
    95                                 
    96                                 
    97 00000000 59040000D004000062-    lst dd 1113, 1232, 2146, 1376, 5120, 2356, 164, 4565, 155, 3157
    98 00000000 080000600500000014-
    99 00000000 000034090000A40000-
   100 00000000 00D51100009B000000-
   101 00000000 550C0000           
   102 00000028 F702000046010000AB-     dd 759, 326, 171, 147, 5628, 7527, 7569, 177, 6785, 3514
   103 00000028 00000093000000FC15-
   104 00000028 0000671D0000911D00-
   105 00000028 00B1000000811A0000-
   106 00000028 BA0D0000           
   107 00000050 E9030000800000006D-     dd 1001, 128, 1133, 1105, 327, 101, 115, 1108, 1, 115
   108 00000050 040000510400004701-
   109 00000050 000065000000730000-
   110 00000050 005404000001000000-
   111 00000050 73000000           
   112 00000078 CB040000CA04000009-     dd 1227, 1226, 5129, 117, 107, 105, 109, 999, 150, 414
   113 00000078 140000750000006B00-
   114 00000078 0000690000006D0000-
   115 00000078 00E703000096000000-
   116 00000078 9E010000           
   117 000000A0 6B000000D7170000F5-     dd 107, 6103, 245, 6440, 1465, 2311, 254, 4528, 1913, 6722
   118 000000A0 00000028190000B905-
   119 000000A0 000007090000FE0000-
   120 000000A0 00B011000079070000-
   121 000000A0 421A0000           
   122 000000C8 7D0400007E00000027-     dd 1149, 126, 5671, 4647, 628, 327, 2390, 177, 8275, 614
   123 000000C8 160000271200007402-
   124 000000C8 000047010000560900-
   125 000000C8 00B100000053200000-
   126 000000C8 66020000           
   127 000000F0 310C00009F01000067-     dd 3121, 415, 615, 122, 7217, 1, 410, 1129, 812, 2134
   128 000000F0 0200007A000000311C-
   129 000000F0 0000010000009A0100-
   130 000000F0 00690400002C030000-
   131 000000F0 56080000           
   132 00000118 DD000000BA08000097-     dd 221, 2234, 151, 432, 114, 1629, 114, 522, 2413, 131
   133 00000118 000000B00100007200-
   134 00000118 00005D060000720000-
   135 00000118 000A0200006D090000-
   136 00000118 83000000           
   137 00000140 071600007E0000008A-     dd 5639, 126, 1162, 441, 127, 877, 199, 679, 1101, 3414
   138 00000140 040000B90100007F00-
   139 00000140 00006D030000C70000-
   140 00000140 00A70200004D040000-
   141 00000140 560D0000           
   142 00000168 35080000850000006D-     dd 2101, 133, 1133, 2450, 532, 8619, 115, 1618, 9999, 115
   143 00000168 040000920900001402-
   144 00000168 0000AB210000730000-
   145 00000168 00520600000F270000-
   146 00000168 73000000           
   147 00000190 DB0000002C0C000064-     dd 219, 3116, 612, 217, 127, 6787, 4569, 679, 675, 4314
   148 00000190 020000D90000007F00-
   149 00000190 0000831A0000D91100-
   150 00000190 00A7020000A3020000-
   151 00000190 DA100000           
   152 000001B8 5004000039030000A0-     dd 1104, 825, 1184, 2143, 1176, 134, 4626, 100, 4566, 346
   153 000001B8 0400005F0800009804-
   154 000001B8 000086000000121200-
   155 000001B8 0064000000D6110000-
   156 000001B8 5A010000           
   157 000001E0 BE040000821A000069-     dd 1214, 6786, 617, 183, 512, 7881, 8320, 3467, 559, 1190
   158 000001E0 020000B70000000002-
   159 000001E0 0000C91E0000802000-
   160 000001E0 008B0D00002F020000-
   161 000001E0 A6040000           
   162 00000208 670000007000000001-     dd 103, 112, 1, 2186, 191, 86, 134, 1125, 5675, 476
   163 00000208 0000008A080000BF00-
   164 00000208 000056000000860000-
   165 00000208 00650400002B160000-
   166 00000208 DC010000           
   167 00000230 97150000400500006A-     dd 5527, 1344, 1130, 2172, 224, 7525, 100, 1, 100, 1134
   168 00000230 0400007C080000E000-
   169 00000230 0000651D0000640000-
   170 00000230 000100000064000000-
   171 00000230 6E040000           
   172 00000258 B50000009B00000079-     dd 181, 155, 1145, 132, 167, 185, 150, 149, 182, 434
   173 00000258 04000084000000A700-
   174 00000258 0000B9000000960000-
   175 00000258 0095000000B6000000-
   176 00000258 B2010000           
   177 00000280 4502000071020000AB-     dd 581, 625, 6315, 1, 617, 855, 6737, 129, 4512, 1
   178 00000280 180000010000006902-
   179 00000280 000057030000511A00-
   180 00000280 0081000000A0110000-
   181 00000280 01000000           
   182 000002A8 B1000000A4000000A0-     dd 177, 164, 160, 1172, 184, 175, 166, 6762, 158, 4572
   183 000002A8 00000094040000B800-
   184 000002A8 0000AF000000A60000-
   185 000002A8 006A1A00009E000000-
   186 000002A8 DC110000           
   187 000002D0 A11900001B0100006D-     dd 6561, 283, 1133, 1150, 135, 5631, 8185, 178, 1197, 185
   188 000002D0 0400007E0400008700-
   189 000002D0 0000FF150000F91F00-
   190 000002D0 00B2000000AD040000-
   191 000002D0 B9000000           
   192 000002F8 89020000DE1800008A-     dd 649, 6366, 1162, 167, 167, 177, 169, 1177, 175, 1169
   193 000002F8 040000A7000000A700-
   194 000002F8 0000B1000000A90000-
   195 000002F8 0099040000AF000000-
   196 000002F8 91040000           
   197                                 
   198 00000320 C8000000               len dd 200
   199                                 
   200 00000324 00000000               min dd 0
   201 00000328 00000000               med dd 0
   202 0000032C 00000000               max dd 0
   203 00000330 00000000               sum dd 0
   204 00000334 00000000               avg dd 0
   205                                 
   206                                 
   207                                 
   208                                 
   209                                 
   210 00000338 00000000               h dd 0
   211 0000033C 00000000               i dd 0
   212 00000340 00000000               j dd 0
   213 00000344 00000000               tmp dd 0
   214                                 
   215                                 
   216                                 
   217                                 
   218                                 
   219                                 STR_LENGTH equ 12
   220                                 
   221 00000348 0A00                   newLine db LF, NULL
   222                                 
   223 0000034A 2D2D2D2D2D2D2D2D2D-    hdr db "---------------------------"
   224 0000034A 2D2D2D2D2D2D2D2D2D-
   225 0000034A 2D2D2D2D2D2D2D2D2D 
   226 00000365 2D2D2D2D2D2D2D2D2D-     db "---------------------------"
   227 00000365 2D2D2D2D2D2D2D2D2D-
   228 00000365 2D2D2D2D2D2D2D2D2D 
   229 00000380 0A1B5B316D43532032-     db LF, ESC, "[1m", "CS 218 - Assignment #7", ESC, "[0m"
   230 00000380 3138202D2041737369-
   231 00000380 676E6D656E74202337-
   232 00000380 1B5B306D           
   233 0000039F 0A5368656C6C20536F-     db LF, "Shell Sort", LF, LF, NULL
   234 0000039F 72740A0A00         
   235                                 
   236 000003AD 4D696E696D756D3A20-    hdrMin db "Minimum:  ", NULL
   237 000003AD 2000               
   238 000003B8 4D656469616E3A2020-    hdrMed db "Median:   ", NULL
   239 000003B8 2000               
   240 000003C3 4D6178696D756D3A20-    hdrMax db "Maximum:  ", NULL
   241 000003C3 2000               
   242 000003CE 53756D3A2020202020-    hdrSum db "Sum:      ", NULL
   243 000003CE 2000               
   244 000003D9 417665726167653A20-    hdrAve db "Average:  ", NULL
   245 000003D9 2000               
   246                                 
   247                                 
   248                                 
   249                                 [section .bss]
   250                                 
   251 00000000 <gap>                  tmpString resb STR_LENGTH
   252                                 
   253                                 
   254                                 
   255                                 [section .text]
   256                                 [global _start]
   257                                 _start:
   258                                 
   259                                 
   260                                 
   261                                 
   262                                 
   263                                 
   264                                 
   265                                 
   266                                 
   267                                 
   268                                 
   269                                 
   270                                 
   271                                 
   272                                 
   273                                 
   274                                 
   275                                 
   276                                 
   277                                 
   278                                 
   279 00000000 B801000000             mov eax, 1
   280 00000005 BB03000000             mov ebx, 3
   281 0000000A 49C7C000000000         mov r8, 0
   282 00000011 49C7C100000000         mov r9, 0
   283 00000018 41BAC8000000           mov r10d, 200
   284 0000001E 49C7C300000000         mov r11, 0
   285 00000025 48C7C7[00000000]       mov rdi, lst
   286 0000002C 48C7C600000000         mov rsi, 0
   287                                 loop1:
   288 00000033 F7EB                    imul ebx
   289 00000035 FFC0                    inc eax
   290 00000037 4439D0                  cmp eax, r10d
   291 0000003A 7CF5                    jl loop1
   292 0000003C FFC8                    dec eax
   293 0000003E 99                      cdq
   294 0000003F F7FB                    idiv ebx
   295                                 
   296                                 
   297                                 loop2:
   298 00000041 83F800                 cmp eax, 0
   299 00000044 7E5A                   jle done
   300                                 
   301                                 
   302                                 
   303 00000046 4189C0                 mov r8d, eax
   304 00000049 41FFC8                 dec r8d
   305                                 
   306                                 loop3:
   307 0000004C 4181F8C8000000          cmp r8d, 200
   308 00000053 7D46                    jge loop6
   309 00000055 4C89C6                  mov rsi, r8
   310 00000058 448B0CB5[00000000]      mov r9d, dword[lst+rsi*4]
   311 00000060 4589C3                  mov r11d, r8d
   312                                 
   313                                 
   314                                 loop4:
   315 00000063 4139C3                  cmp r11d, eax
   316 00000066 7C23                    jl loop5
   317 00000068 4C89DE                  mov rsi, r11
   318 0000006B 4829C6                  sub rsi, rax
   319 0000006E 44390CB5[00000000]      cmp dword[lst+rsi*4], r9d
   320 00000076 7E13                    jle loop5
   321                                 
   322 00000078 448B24B5[00000000]      mov r12d, dword[lst+rsi*4]
   323 00000080 4689249D[00000000]      mov dword[lst+r11*4], r12d
   324                                 
   325 00000088 4129C3                  sub r11d, eax
   326 0000008B EBD4                    jmp loop4
   327                                 
   328                                 
   329                                  loop5:
   330 0000008D 4C89DE                  mov rsi, r11
   331 00000090 44890CB5[00000000]      mov dword[lst+rsi*4], r9d
   332 00000098 41FFC0                  inc r8d
   333 0000009B EBAD                    jmp loop3
   334                                 
   335                                 
   336                                 loop6:
   337 0000009D 99                     cdq
   338 0000009E F7FB                   idiv ebx
   339 000000A0 EB9D                   jmp loop2
   340                                 done:
   341                                 
   342                                 
   343                                 
   344                                 
   345                                 
   346 000000A2 8B0C25[00000000]       mov ecx, dword[len]
   347 000000A9 48C7C600000000         mov rsi, 0
   348 000000B0 B800000000             mov eax, 0
   349                                 Lst
   350                                 sumLstLoop:
   351 000000B5 0304B5[00000000]        add eax, dword[lst+(rsi*4)]
   352 000000BC 48FFC6                  inc rsi
   353 000000BF E2F2                    loop sumLstLoop
   354 000000C1 890425[00000000]        mov dword[sum], eax
   355                                 
   356                                 
   357                                 
   358 000000C8 BA00000000             mov edx, 0
   359 000000CD F73425[00000000]       div dword[len]
   360 000000D4 890425[00000000]       mov dword[avg], eax
   361                                 
   362                                 
   363                                 
   364 000000DB 8B0425[00000000]       mov eax, dword[lst]
   365 000000E2 890425[00000000]       mov dword[min], eax
   366 000000E9 890425[00000000]       mov dword[max], eax
   367 000000F0 48C7C600000000         mov rsi, 0
   368 000000F7 8B0C25[00000000]       mov ecx, dword[len]
   369                                 
   370                                 minLstLoop:
   371 000000FE 8B04B5[00000000]        mov eax, dword[lst+rsi*4]
   372 00000105 3B0425[00000000]        cmp eax, dword[min]
   373 0000010C 7F05                    jg minLstSet
   374 0000010E 890425[00000000]        mov dword[min], eax
   375                                 
   376                                 minLstSet:
   377 00000115 48FFC6                  inc rsi
   378 00000118 E2E2                    loop minLstLoop
   379                                 
   380 0000011A 48C7C600000000         mov rsi, 0
   381 00000121 8B0C25[00000000]       mov ecx, dword[len]
   382                                 
   383                                 maxLstLoop:
   384 00000128 8B04B5[00000000]        mov eax, dword[lst+rsi*4]
   385 0000012F 3B0425[00000000]        cmp eax, dword[max]
   386 00000136 7C05                    jl maxLstSet
   387 00000138 890425[00000000]        mov dword[max], eax
   388                                 
   389                                 maxLstSet:
   390 0000013F 48FFC6                  inc rsi
   391 00000142 E2E2                    loop maxLstLoop
   392                                 
   393                                 
   394 00000144 448B0425[00000000]     mov r8d, dword[len]
   395 0000014C 41B902000000           mov r9d, 2
   396 00000152 8B0425[00000000]       mov eax, dword[len]
   397 00000159 99                     cdq
   398 0000015A 41F7F9                 idiv r9d
   399 0000015D 4189C2                 mov r10d, eax
   400 00000160 B800000000             mov eax, 0
   401 00000165 6742030495[00000000]     add eax, dword[lst+(r10d*4)]
   402 0000016E 41FFCA                 dec r10d
   403 00000171 6742030495[00000000]     add eax, dword[lst+(r10d*4)]
   404 0000017A 99                     cdq
   405 0000017B 41F7F9                 idiv r9d
   406 0000017E 890425[00000000]       mov dword[med], eax
   407                                 
   408                                 
   409                                 
   410                                 
   411                                 
   412 00000185 50                      push rax
   413                                 %line 403+0 ast07.asm
   414 00000186 57                      push rdi
   415 00000187 56                      push rsi
   416 00000188 52                      push rdx
   417 00000189 51                      push rcx
   418                                 
   419 0000018A 488D3C25[00000000]      lea rdi, [hdr]
   420 00000192 48C7C200000000          mov rdx, 0
   421                                 ..@4.countLoop:
   422 00000199 803F00                  cmp byte [rdi], NULL
   423 0000019C 7406                    je ..@4.countLoopDone
   424 0000019E 48FFC7                  inc rdi
   425 000001A1 48FFC2                  inc rdx
   426 000001A4 EBF1                    jmp ..@4.countLoop
   427                                 ..@4.countLoopDone:
   428                                 
   429 000001A6 48C7C001000000          mov rax, SYS_write
   430 000001AD 48C7C701000000          mov rdi, STDOUT
   431 000001B4 488D3425[00000000]      lea rsi, [hdr]
   432 000001BC 0F05                    syscall
   433                                 
   434 000001BE 59                      pop rcx
   435 000001BF 5A                      pop rdx
   436 000001C0 5E                      pop rsi
   437 000001C1 5F                      pop rdi
   438 000001C2 58                      pop rax
   439                                 %line 404+1 ast07.asm
   440                                 
   441 000001C3 50                      push rax
   442                                 %line 405+0 ast07.asm
   443 000001C4 57                      push rdi
   444 000001C5 56                      push rsi
   445 000001C6 52                      push rdx
   446 000001C7 51                      push rcx
   447                                 
   448 000001C8 488D3C25[00000000]      lea rdi, [hdrMin]
   449 000001D0 48C7C200000000          mov rdx, 0
   450                                 ..@5.countLoop:
   451 000001D7 803F00                  cmp byte [rdi], NULL
   452 000001DA 7406                    je ..@5.countLoopDone
   453 000001DC 48FFC7                  inc rdi
   454 000001DF 48FFC2                  inc rdx
   455 000001E2 EBF1                    jmp ..@5.countLoop
   456                                 ..@5.countLoopDone:
   457                                 
   458 000001E4 48C7C001000000          mov rax, SYS_write
   459 000001EB 48C7C701000000          mov rdi, STDOUT
   460 000001F2 488D3425[00000000]      lea rsi, [hdrMin]
   461 000001FA 0F05                    syscall
   462                                 
   463 000001FC 59                      pop rcx
   464 000001FD 5A                      pop rdx
   465 000001FE 5E                      pop rsi
   466 000001FF 5F                      pop rdi
   467 00000200 58                      pop rax
   468                                 %line 406+1 ast07.asm
   469                                 
   470                                 %line 406+0 ast07.asm
   471                                 
   472                                 
   473 00000201 8B0425[00000000]       mov eax, dword [min]
   474 00000208 48C7C100000000         mov rcx, 0
   475 0000020F BB07000000             mov ebx, 7
   476 00000214 49C7C030000000         mov r8, "0"
   477 0000021B 49C7C10B000000         mov r9, STR_LENGTH-1
   478 00000222 49C7C200000000         mov r10,0
   479                                 
   480 00000229 83F800                 cmp eax, 0
   481 0000022C 7C0C                   jl ..@6.signedNegative
   482 0000022E 83F800                 cmp eax, 0
   483 00000231 7FFE                   jg ..@6.signedPositive
   484                                 
   485                                 ..@6.signedPositive:
   486 00000233 49C7C22B000000          mov r10, "+"
   487 0000023A EB09                    jmp ..@6.divideLoop
   488                                 
   489                                 ..@6.signedNegative:
   490                                 
   491 0000023C F7D8                    neg eax
   492 0000023E 49C7C22D000000          mov r10, "-"
   493 00000245 EBFE                    jmp ..@6.divideLoop
   494                                 
   495                                 ..@6.divideLoop:
   496 00000247 BA00000000              mov edx, 0
   497 0000024C 99                      cdq
   498 0000024D F7FB                    idiv ebx
   499 0000024F 4C01C2                  add rdx, r8
   500 00000252 52                      push rdx
   501 00000253 48FFC1                  inc rcx
   502 00000256 83F800                  cmp eax, 0
   503 00000259 75EA                    jne ..@6.divideLoop
   504                                 
   505 0000025B 48C7C3[00000000]        mov rbx, tmpString
   506 00000262 48C7C700000000          mov rdi, 0
   507 00000269 4152                    push r10
   508 0000026B 48FFC1                  inc rcx
   509                                 
   510                                 ..@6.whiteSpace:
   511 0000026E 6A20                    push " "
   512 00000270 48FFC1                  inc rcx
   513 00000273 4939C9                  cmp r9, rcx
   514 00000276 75F4                    jne ..@6.whiteSpace
   515                                 
   516                                 ..@6.popLoop:
   517 00000278 58                      pop rax
   518 00000279 88043B                  mov byte [rbx+rdi], al
   519 0000027C 48FFC7                  inc rdi
   520 0000027F E2F5                    loop ..@6.popLoop
   521                                 
   522 00000281 C6043B00               mov byte [rbx+rdi], NULL
   523                                 
   524                                 
   525                                 
   526                                 
   527                                 %line 407+1 ast07.asm
   528 00000285 50                      push rax
   529                                 %line 407+0 ast07.asm
   530 00000286 57                      push rdi
   531 00000287 56                      push rsi
   532 00000288 52                      push rdx
   533 00000289 51                      push rcx
   534                                 
   535 0000028A 488D3C25[00000000]      lea rdi, [tmpString]
   536 00000292 48C7C200000000          mov rdx, 0
   537                                 ..@7.countLoop:
   538 00000299 803F00                  cmp byte [rdi], NULL
   539 0000029C 7406                    je ..@7.countLoopDone
   540 0000029E 48FFC7                  inc rdi
   541 000002A1 48FFC2                  inc rdx
   542 000002A4 EBF1                    jmp ..@7.countLoop
   543                                 ..@7.countLoopDone:
   544                                 
   545 000002A6 48C7C001000000          mov rax, SYS_write
   546 000002AD 48C7C701000000          mov rdi, STDOUT
   547 000002B4 488D3425[00000000]      lea rsi, [tmpString]
   548 000002BC 0F05                    syscall
   549                                 
   550 000002BE 59                      pop rcx
   551 000002BF 5A                      pop rdx
   552 000002C0 5E                      pop rsi
   553 000002C1 5F                      pop rdi
   554 000002C2 58                      pop rax
   555                                 %line 408+1 ast07.asm
   556 000002C3 50                      push rax
   557                                 %line 408+0 ast07.asm
   558 000002C4 57                      push rdi
   559 000002C5 56                      push rsi
   560 000002C6 52                      push rdx
   561 000002C7 51                      push rcx
   562                                 
   563 000002C8 488D3C25[00000000]      lea rdi, [newLine]
   564 000002D0 48C7C200000000          mov rdx, 0
   565                                 ..@8.countLoop:
   566 000002D7 803F00                  cmp byte [rdi], NULL
   567 000002DA 7406                    je ..@8.countLoopDone
   568 000002DC 48FFC7                  inc rdi
   569 000002DF 48FFC2                  inc rdx
   570 000002E2 EBF1                    jmp ..@8.countLoop
   571                                 ..@8.countLoopDone:
   572                                 
   573 000002E4 48C7C001000000          mov rax, SYS_write
   574 000002EB 48C7C701000000          mov rdi, STDOUT
   575 000002F2 488D3425[00000000]      lea rsi, [newLine]
   576 000002FA 0F05                    syscall
   577                                 
   578 000002FC 59                      pop rcx
   579 000002FD 5A                      pop rdx
   580 000002FE 5E                      pop rsi
   581 000002FF 5F                      pop rdi
   582 00000300 58                      pop rax
   583                                 %line 409+1 ast07.asm
   584                                 
   585 00000301 50                      push rax
   586                                 %line 410+0 ast07.asm
   587 00000302 57                      push rdi
   588 00000303 56                      push rsi
   589 00000304 52                      push rdx
   590 00000305 51                      push rcx
   591                                 
   592 00000306 488D3C25[00000000]      lea rdi, [hdrMed]
   593 0000030E 48C7C200000000          mov rdx, 0
   594                                 ..@9.countLoop:
   595 00000315 803F00                  cmp byte [rdi], NULL
   596 00000318 7406                    je ..@9.countLoopDone
   597 0000031A 48FFC7                  inc rdi
   598 0000031D 48FFC2                  inc rdx
   599 00000320 EBF1                    jmp ..@9.countLoop
   600                                 ..@9.countLoopDone:
   601                                 
   602 00000322 48C7C001000000          mov rax, SYS_write
   603 00000329 48C7C701000000          mov rdi, STDOUT
   604 00000330 488D3425[00000000]      lea rsi, [hdrMed]
   605 00000338 0F05                    syscall
   606                                 
   607 0000033A 59                      pop rcx
   608 0000033B 5A                      pop rdx
   609 0000033C 5E                      pop rsi
   610 0000033D 5F                      pop rdi
   611 0000033E 58                      pop rax
   612                                 %line 411+1 ast07.asm
   613                                 
   614                                 %line 411+0 ast07.asm
   615                                 
   616                                 
   617 0000033F 8B0425[00000000]       mov eax, dword [med]
   618 00000346 48C7C100000000         mov rcx, 0
   619 0000034D BB07000000             mov ebx, 7
   620 00000352 49C7C030000000         mov r8, "0"
   621 00000359 49C7C10B000000         mov r9, STR_LENGTH-1
   622 00000360 49C7C200000000         mov r10,0
   623                                 
   624 00000367 83F800                 cmp eax, 0
   625 0000036A 7C0C                   jl ..@10.signedNegative
   626 0000036C 83F800                 cmp eax, 0
   627 0000036F 7FFE                   jg ..@10.signedPositive
   628                                 
   629                                 ..@10.signedPositive:
   630 00000371 49C7C22B000000          mov r10, "+"
   631 00000378 EB09                    jmp ..@10.divideLoop
   632                                 
   633                                 ..@10.signedNegative:
   634                                 
   635 0000037A F7D8                    neg eax
   636 0000037C 49C7C22D000000          mov r10, "-"
   637 00000383 EBFE                    jmp ..@10.divideLoop
   638                                 
   639                                 ..@10.divideLoop:
   640 00000385 BA00000000              mov edx, 0
   641 0000038A 99                      cdq
   642 0000038B F7FB                    idiv ebx
   643 0000038D 4C01C2                  add rdx, r8
   644 00000390 52                      push rdx
   645 00000391 48FFC1                  inc rcx
   646 00000394 83F800                  cmp eax, 0
   647 00000397 75EA                    jne ..@10.divideLoop
   648                                 
   649 00000399 48C7C3[00000000]        mov rbx, tmpString
   650 000003A0 48C7C700000000          mov rdi, 0
   651 000003A7 4152                    push r10
   652 000003A9 48FFC1                  inc rcx
   653                                 
   654                                 ..@10.whiteSpace:
   655 000003AC 6A20                    push " "
   656 000003AE 48FFC1                  inc rcx
   657 000003B1 4939C9                  cmp r9, rcx
   658 000003B4 75F4                    jne ..@10.whiteSpace
   659                                 
   660                                 ..@10.popLoop:
   661 000003B6 58                      pop rax
   662 000003B7 88043B                  mov byte [rbx+rdi], al
   663 000003BA 48FFC7                  inc rdi
   664 000003BD E2F5                    loop ..@10.popLoop
   665                                 
   666 000003BF C6043B00               mov byte [rbx+rdi], NULL
   667                                 
   668                                 
   669                                 
   670                                 
   671                                 %line 412+1 ast07.asm
   672 000003C3 50                      push rax
   673                                 %line 412+0 ast07.asm
   674 000003C4 57                      push rdi
   675 000003C5 56                      push rsi
   676 000003C6 52                      push rdx
   677 000003C7 51                      push rcx
   678                                 
   679 000003C8 488D3C25[00000000]      lea rdi, [tmpString]
   680 000003D0 48C7C200000000          mov rdx, 0
   681                                 ..@11.countLoop:
   682 000003D7 803F00                  cmp byte [rdi], NULL
   683 000003DA 7406                    je ..@11.countLoopDone
   684 000003DC 48FFC7                  inc rdi
   685 000003DF 48FFC2                  inc rdx
   686 000003E2 EBF1                    jmp ..@11.countLoop
   687                                 ..@11.countLoopDone:
   688                                 
   689 000003E4 48C7C001000000          mov rax, SYS_write
   690 000003EB 48C7C701000000          mov rdi, STDOUT
   691 000003F2 488D3425[00000000]      lea rsi, [tmpString]
   692 000003FA 0F05                    syscall
   693                                 
   694 000003FC 59                      pop rcx
   695 000003FD 5A                      pop rdx
   696 000003FE 5E                      pop rsi
   697 000003FF 5F                      pop rdi
   698 00000400 58                      pop rax
   699                                 %line 413+1 ast07.asm
   700 00000401 50                      push rax
   701                                 %line 413+0 ast07.asm
   702 00000402 57                      push rdi
   703 00000403 56                      push rsi
   704 00000404 52                      push rdx
   705 00000405 51                      push rcx
   706                                 
   707 00000406 488D3C25[00000000]      lea rdi, [newLine]
   708 0000040E 48C7C200000000          mov rdx, 0
   709                                 ..@12.countLoop:
   710 00000415 803F00                  cmp byte [rdi], NULL
   711 00000418 7406                    je ..@12.countLoopDone
   712 0000041A 48FFC7                  inc rdi
   713 0000041D 48FFC2                  inc rdx
   714 00000420 EBF1                    jmp ..@12.countLoop
   715                                 ..@12.countLoopDone:
   716                                 
   717 00000422 48C7C001000000          mov rax, SYS_write
   718 00000429 48C7C701000000          mov rdi, STDOUT
   719 00000430 488D3425[00000000]      lea rsi, [newLine]
   720 00000438 0F05                    syscall
   721                                 
   722 0000043A 59                      pop rcx
   723 0000043B 5A                      pop rdx
   724 0000043C 5E                      pop rsi
   725 0000043D 5F                      pop rdi
   726 0000043E 58                      pop rax
   727                                 %line 414+1 ast07.asm
   728                                 
   729 0000043F 50                      push rax
   730                                 %line 415+0 ast07.asm
   731 00000440 57                      push rdi
   732 00000441 56                      push rsi
   733 00000442 52                      push rdx
   734 00000443 51                      push rcx
   735                                 
   736 00000444 488D3C25[00000000]      lea rdi, [hdrMax]
   737 0000044C 48C7C200000000          mov rdx, 0
   738                                 ..@13.countLoop:
   739 00000453 803F00                  cmp byte [rdi], NULL
   740 00000456 7406                    je ..@13.countLoopDone
   741 00000458 48FFC7                  inc rdi
   742 0000045B 48FFC2                  inc rdx
   743 0000045E EBF1                    jmp ..@13.countLoop
   744                                 ..@13.countLoopDone:
   745                                 
   746 00000460 48C7C001000000          mov rax, SYS_write
   747 00000467 48C7C701000000          mov rdi, STDOUT
   748 0000046E 488D3425[00000000]      lea rsi, [hdrMax]
   749 00000476 0F05                    syscall
   750                                 
   751 00000478 59                      pop rcx
   752 00000479 5A                      pop rdx
   753 0000047A 5E                      pop rsi
   754 0000047B 5F                      pop rdi
   755 0000047C 58                      pop rax
   756                                 %line 416+1 ast07.asm
   757                                 
   758                                 %line 416+0 ast07.asm
   759                                 
   760                                 
   761 0000047D 8B0425[00000000]       mov eax, dword [max]
   762 00000484 48C7C100000000         mov rcx, 0
   763 0000048B BB07000000             mov ebx, 7
   764 00000490 49C7C030000000         mov r8, "0"
   765 00000497 49C7C10B000000         mov r9, STR_LENGTH-1
   766 0000049E 49C7C200000000         mov r10,0
   767                                 
   768 000004A5 83F800                 cmp eax, 0
   769 000004A8 7C0C                   jl ..@14.signedNegative
   770 000004AA 83F800                 cmp eax, 0
   771 000004AD 7FFE                   jg ..@14.signedPositive
   772                                 
   773                                 ..@14.signedPositive:
   774 000004AF 49C7C22B000000          mov r10, "+"
   775 000004B6 EB09                    jmp ..@14.divideLoop
   776                                 
   777                                 ..@14.signedNegative:
   778                                 
   779 000004B8 F7D8                    neg eax
   780 000004BA 49C7C22D000000          mov r10, "-"
   781 000004C1 EBFE                    jmp ..@14.divideLoop
   782                                 
   783                                 ..@14.divideLoop:
   784 000004C3 BA00000000              mov edx, 0
   785 000004C8 99                      cdq
   786 000004C9 F7FB                    idiv ebx
   787 000004CB 4C01C2                  add rdx, r8
   788 000004CE 52                      push rdx
   789 000004CF 48FFC1                  inc rcx
   790 000004D2 83F800                  cmp eax, 0
   791 000004D5 75EA                    jne ..@14.divideLoop
   792                                 
   793 000004D7 48C7C3[00000000]        mov rbx, tmpString
   794 000004DE 48C7C700000000          mov rdi, 0
   795 000004E5 4152                    push r10
   796 000004E7 48FFC1                  inc rcx
   797                                 
   798                                 ..@14.whiteSpace:
   799 000004EA 6A20                    push " "
   800 000004EC 48FFC1                  inc rcx
   801 000004EF 4939C9                  cmp r9, rcx
   802 000004F2 75F4                    jne ..@14.whiteSpace
   803                                 
   804                                 ..@14.popLoop:
   805 000004F4 58                      pop rax
   806 000004F5 88043B                  mov byte [rbx+rdi], al
   807 000004F8 48FFC7                  inc rdi
   808 000004FB E2F5                    loop ..@14.popLoop
   809                                 
   810 000004FD C6043B00               mov byte [rbx+rdi], NULL
   811                                 
   812                                 
   813                                 
   814                                 
   815                                 %line 417+1 ast07.asm
   816 00000501 50                      push rax
   817                                 %line 417+0 ast07.asm
   818 00000502 57                      push rdi
   819 00000503 56                      push rsi
   820 00000504 52                      push rdx
   821 00000505 51                      push rcx
   822                                 
   823 00000506 488D3C25[00000000]      lea rdi, [tmpString]
   824 0000050E 48C7C200000000          mov rdx, 0
   825                                 ..@15.countLoop:
   826 00000515 803F00                  cmp byte [rdi], NULL
   827 00000518 7406                    je ..@15.countLoopDone
   828 0000051A 48FFC7                  inc rdi
   829 0000051D 48FFC2                  inc rdx
   830 00000520 EBF1                    jmp ..@15.countLoop
   831                                 ..@15.countLoopDone:
   832                                 
   833 00000522 48C7C001000000          mov rax, SYS_write
   834 00000529 48C7C701000000          mov rdi, STDOUT
   835 00000530 488D3425[00000000]      lea rsi, [tmpString]
   836 00000538 0F05                    syscall
   837                                 
   838 0000053A 59                      pop rcx
   839 0000053B 5A                      pop rdx
   840 0000053C 5E                      pop rsi
   841 0000053D 5F                      pop rdi
   842 0000053E 58                      pop rax
   843                                 %line 418+1 ast07.asm
   844 0000053F 50                      push rax
   845                                 %line 418+0 ast07.asm
   846 00000540 57                      push rdi
   847 00000541 56                      push rsi
   848 00000542 52                      push rdx
   849 00000543 51                      push rcx
   850                                 
   851 00000544 488D3C25[00000000]      lea rdi, [newLine]
   852 0000054C 48C7C200000000          mov rdx, 0
   853                                 ..@16.countLoop:
   854 00000553 803F00                  cmp byte [rdi], NULL
   855 00000556 7406                    je ..@16.countLoopDone
   856 00000558 48FFC7                  inc rdi
   857 0000055B 48FFC2                  inc rdx
   858 0000055E EBF1                    jmp ..@16.countLoop
   859                                 ..@16.countLoopDone:
   860                                 
   861 00000560 48C7C001000000          mov rax, SYS_write
   862 00000567 48C7C701000000          mov rdi, STDOUT
   863 0000056E 488D3425[00000000]      lea rsi, [newLine]
   864 00000576 0F05                    syscall
   865                                 
   866 00000578 59                      pop rcx
   867 00000579 5A                      pop rdx
   868 0000057A 5E                      pop rsi
   869 0000057B 5F                      pop rdi
   870 0000057C 58                      pop rax
   871                                 %line 419+1 ast07.asm
   872                                 
   873 0000057D 50                      push rax
   874                                 %line 420+0 ast07.asm
   875 0000057E 57                      push rdi
   876 0000057F 56                      push rsi
   877 00000580 52                      push rdx
   878 00000581 51                      push rcx
   879                                 
   880 00000582 488D3C25[00000000]      lea rdi, [hdrSum]
   881 0000058A 48C7C200000000          mov rdx, 0
   882                                 ..@17.countLoop:
   883 00000591 803F00                  cmp byte [rdi], NULL
   884 00000594 7406                    je ..@17.countLoopDone
   885 00000596 48FFC7                  inc rdi
   886 00000599 48FFC2                  inc rdx
   887 0000059C EBF1                    jmp ..@17.countLoop
   888                                 ..@17.countLoopDone:
   889                                 
   890 0000059E 48C7C001000000          mov rax, SYS_write
   891 000005A5 48C7C701000000          mov rdi, STDOUT
   892 000005AC 488D3425[00000000]      lea rsi, [hdrSum]
   893 000005B4 0F05                    syscall
   894                                 
   895 000005B6 59                      pop rcx
   896 000005B7 5A                      pop rdx
   897 000005B8 5E                      pop rsi
   898 000005B9 5F                      pop rdi
   899 000005BA 58                      pop rax
   900                                 %line 421+1 ast07.asm
   901                                 
   902                                 %line 421+0 ast07.asm
   903                                 
   904                                 
   905 000005BB 8B0425[00000000]       mov eax, dword [sum]
   906 000005C2 48C7C100000000         mov rcx, 0
   907 000005C9 BB07000000             mov ebx, 7
   908 000005CE 49C7C030000000         mov r8, "0"
   909 000005D5 49C7C10B000000         mov r9, STR_LENGTH-1
   910 000005DC 49C7C200000000         mov r10,0
   911                                 
   912 000005E3 83F800                 cmp eax, 0
   913 000005E6 7C0C                   jl ..@18.signedNegative
   914 000005E8 83F800                 cmp eax, 0
   915 000005EB 7FFE                   jg ..@18.signedPositive
   916                                 
   917                                 ..@18.signedPositive:
   918 000005ED 49C7C22B000000          mov r10, "+"
   919 000005F4 EB09                    jmp ..@18.divideLoop
   920                                 
   921                                 ..@18.signedNegative:
   922                                 
   923 000005F6 F7D8                    neg eax
   924 000005F8 49C7C22D000000          mov r10, "-"
   925 000005FF EBFE                    jmp ..@18.divideLoop
   926                                 
   927                                 ..@18.divideLoop:
   928 00000601 BA00000000              mov edx, 0
   929 00000606 99                      cdq
   930 00000607 F7FB                    idiv ebx
   931 00000609 4C01C2                  add rdx, r8
   932 0000060C 52                      push rdx
   933 0000060D 48FFC1                  inc rcx
   934 00000610 83F800                  cmp eax, 0
   935 00000613 75EA                    jne ..@18.divideLoop
   936                                 
   937 00000615 48C7C3[00000000]        mov rbx, tmpString
   938 0000061C 48C7C700000000          mov rdi, 0
   939 00000623 4152                    push r10
   940 00000625 48FFC1                  inc rcx
   941                                 
   942                                 ..@18.whiteSpace:
   943 00000628 6A20                    push " "
   944 0000062A 48FFC1                  inc rcx
   945 0000062D 4939C9                  cmp r9, rcx
   946 00000630 75F4                    jne ..@18.whiteSpace
   947                                 
   948                                 ..@18.popLoop:
   949 00000632 58                      pop rax
   950 00000633 88043B                  mov byte [rbx+rdi], al
   951 00000636 48FFC7                  inc rdi
   952 00000639 E2F5                    loop ..@18.popLoop
   953                                 
   954 0000063B C6043B00               mov byte [rbx+rdi], NULL
   955                                 
   956                                 
   957                                 
   958                                 
   959                                 %line 422+1 ast07.asm
   960 0000063F 50                      push rax
   961                                 %line 422+0 ast07.asm
   962 00000640 57                      push rdi
   963 00000641 56                      push rsi
   964 00000642 52                      push rdx
   965 00000643 51                      push rcx
   966                                 
   967 00000644 488D3C25[00000000]      lea rdi, [tmpString]
   968 0000064C 48C7C200000000          mov rdx, 0
   969                                 ..@19.countLoop:
   970 00000653 803F00                  cmp byte [rdi], NULL
   971 00000656 7406                    je ..@19.countLoopDone
   972 00000658 48FFC7                  inc rdi
   973 0000065B 48FFC2                  inc rdx
   974 0000065E EBF1                    jmp ..@19.countLoop
   975                                 ..@19.countLoopDone:
   976                                 
   977 00000660 48C7C001000000          mov rax, SYS_write
   978 00000667 48C7C701000000          mov rdi, STDOUT
   979 0000066E 488D3425[00000000]      lea rsi, [tmpString]
   980 00000676 0F05                    syscall
   981                                 
   982 00000678 59                      pop rcx
   983 00000679 5A                      pop rdx
   984 0000067A 5E                      pop rsi
   985 0000067B 5F                      pop rdi
   986 0000067C 58                      pop rax
   987                                 %line 423+1 ast07.asm
   988 0000067D 50                      push rax
   989                                 %line 423+0 ast07.asm
   990 0000067E 57                      push rdi
   991 0000067F 56                      push rsi
   992 00000680 52                      push rdx
   993 00000681 51                      push rcx
   994                                 
   995 00000682 488D3C25[00000000]      lea rdi, [newLine]
   996 0000068A 48C7C200000000          mov rdx, 0
   997                                 ..@20.countLoop:
   998 00000691 803F00                  cmp byte [rdi], NULL
   999 00000694 7406                    je ..@20.countLoopDone
  1000 00000696 48FFC7                  inc rdi
  1001 00000699 48FFC2                  inc rdx
  1002 0000069C EBF1                    jmp ..@20.countLoop
  1003                                 ..@20.countLoopDone:
  1004                                 
  1005 0000069E 48C7C001000000          mov rax, SYS_write
  1006 000006A5 48C7C701000000          mov rdi, STDOUT
  1007 000006AC 488D3425[00000000]      lea rsi, [newLine]
  1008 000006B4 0F05                    syscall
  1009                                 
  1010 000006B6 59                      pop rcx
  1011 000006B7 5A                      pop rdx
  1012 000006B8 5E                      pop rsi
  1013 000006B9 5F                      pop rdi
  1014 000006BA 58                      pop rax
  1015                                 %line 424+1 ast07.asm
  1016                                 
  1017 000006BB 50                      push rax
  1018                                 %line 425+0 ast07.asm
  1019 000006BC 57                      push rdi
  1020 000006BD 56                      push rsi
  1021 000006BE 52                      push rdx
  1022 000006BF 51                      push rcx
  1023                                 
  1024 000006C0 488D3C25[00000000]      lea rdi, [hdrAve]
  1025 000006C8 48C7C200000000          mov rdx, 0
  1026                                 ..@21.countLoop:
  1027 000006CF 803F00                  cmp byte [rdi], NULL
  1028 000006D2 7406                    je ..@21.countLoopDone
  1029 000006D4 48FFC7                  inc rdi
  1030 000006D7 48FFC2                  inc rdx
  1031 000006DA EBF1                    jmp ..@21.countLoop
  1032                                 ..@21.countLoopDone:
  1033                                 
  1034 000006DC 48C7C001000000          mov rax, SYS_write
  1035 000006E3 48C7C701000000          mov rdi, STDOUT
  1036 000006EA 488D3425[00000000]      lea rsi, [hdrAve]
  1037 000006F2 0F05                    syscall
  1038                                 
  1039 000006F4 59                      pop rcx
  1040 000006F5 5A                      pop rdx
  1041 000006F6 5E                      pop rsi
  1042 000006F7 5F                      pop rdi
  1043 000006F8 58                      pop rax
  1044                                 %line 426+1 ast07.asm
  1045                                 
  1046                                 %line 426+0 ast07.asm
  1047                                 
  1048                                 
  1049 000006F9 8B0425[00000000]       mov eax, dword [avg]
  1050 00000700 48C7C100000000         mov rcx, 0
  1051 00000707 BB07000000             mov ebx, 7
  1052 0000070C 49C7C030000000         mov r8, "0"
  1053 00000713 49C7C10B000000         mov r9, STR_LENGTH-1
  1054 0000071A 49C7C200000000         mov r10,0
  1055                                 
  1056 00000721 83F800                 cmp eax, 0
  1057 00000724 7C0C                   jl ..@22.signedNegative
  1058 00000726 83F800                 cmp eax, 0
  1059 00000729 7FFE                   jg ..@22.signedPositive
  1060                                 
  1061                                 ..@22.signedPositive:
  1062 0000072B 49C7C22B000000          mov r10, "+"
  1063 00000732 EB09                    jmp ..@22.divideLoop
  1064                                 
  1065                                 ..@22.signedNegative:
  1066                                 
  1067 00000734 F7D8                    neg eax
  1068 00000736 49C7C22D000000          mov r10, "-"
  1069 0000073D EBFE                    jmp ..@22.divideLoop
  1070                                 
  1071                                 ..@22.divideLoop:
  1072 0000073F BA00000000              mov edx, 0
  1073 00000744 99                      cdq
  1074 00000745 F7FB                    idiv ebx
  1075 00000747 4C01C2                  add rdx, r8
  1076 0000074A 52                      push rdx
  1077 0000074B 48FFC1                  inc rcx
  1078 0000074E 83F800                  cmp eax, 0
  1079 00000751 75EA                    jne ..@22.divideLoop
  1080                                 
  1081 00000753 48C7C3[00000000]        mov rbx, tmpString
  1082 0000075A 48C7C700000000          mov rdi, 0
  1083 00000761 4152                    push r10
  1084 00000763 48FFC1                  inc rcx
  1085                                 
  1086                                 ..@22.whiteSpace:
  1087 00000766 6A20                    push " "
  1088 00000768 48FFC1                  inc rcx
  1089 0000076B 4939C9                  cmp r9, rcx
  1090 0000076E 75F4                    jne ..@22.whiteSpace
  1091                                 
  1092                                 ..@22.popLoop:
  1093 00000770 58                      pop rax
  1094 00000771 88043B                  mov byte [rbx+rdi], al
  1095 00000774 48FFC7                  inc rdi
  1096 00000777 E2F5                    loop ..@22.popLoop
  1097                                 
  1098 00000779 C6043B00               mov byte [rbx+rdi], NULL
  1099                                 
  1100                                 
  1101                                 
  1102                                 
  1103                                 %line 427+1 ast07.asm
  1104 0000077D 50                      push rax
  1105                                 %line 427+0 ast07.asm
  1106 0000077E 57                      push rdi
  1107 0000077F 56                      push rsi
  1108 00000780 52                      push rdx
  1109 00000781 51                      push rcx
  1110                                 
  1111 00000782 488D3C25[00000000]      lea rdi, [tmpString]
  1112 0000078A 48C7C200000000          mov rdx, 0
  1113                                 ..@23.countLoop:
  1114 00000791 803F00                  cmp byte [rdi], NULL
  1115 00000794 7406                    je ..@23.countLoopDone
  1116 00000796 48FFC7                  inc rdi
  1117 00000799 48FFC2                  inc rdx
  1118 0000079C EBF1                    jmp ..@23.countLoop
  1119                                 ..@23.countLoopDone:
  1120                                 
  1121 0000079E 48C7C001000000          mov rax, SYS_write
  1122 000007A5 48C7C701000000          mov rdi, STDOUT
  1123 000007AC 488D3425[00000000]      lea rsi, [tmpString]
  1124 000007B4 0F05                    syscall
  1125                                 
  1126 000007B6 59                      pop rcx
  1127 000007B7 5A                      pop rdx
  1128 000007B8 5E                      pop rsi
  1129 000007B9 5F                      pop rdi
  1130 000007BA 58                      pop rax
  1131                                 %line 428+1 ast07.asm
  1132 000007BB 50                      push rax
  1133                                 %line 428+0 ast07.asm
  1134 000007BC 57                      push rdi
  1135 000007BD 56                      push rsi
  1136 000007BE 52                      push rdx
  1137 000007BF 51                      push rcx
  1138                                 
  1139 000007C0 488D3C25[00000000]      lea rdi, [newLine]
  1140 000007C8 48C7C200000000          mov rdx, 0
  1141                                 ..@24.countLoop:
  1142 000007CF 803F00                  cmp byte [rdi], NULL
  1143 000007D2 7406                    je ..@24.countLoopDone
  1144 000007D4 48FFC7                  inc rdi
  1145 000007D7 48FFC2                  inc rdx
  1146 000007DA EBF1                    jmp ..@24.countLoop
  1147                                 ..@24.countLoopDone:
  1148                                 
  1149 000007DC 48C7C001000000          mov rax, SYS_write
  1150 000007E3 48C7C701000000          mov rdi, STDOUT
  1151 000007EA 488D3425[00000000]      lea rsi, [newLine]
  1152 000007F2 0F05                    syscall
  1153                                 
  1154 000007F4 59                      pop rcx
  1155 000007F5 5A                      pop rdx
  1156 000007F6 5E                      pop rsi
  1157 000007F7 5F                      pop rdi
  1158 000007F8 58                      pop rax
  1159                                 %line 429+1 ast07.asm
  1160 000007F9 50                      push rax
  1161                                 %line 429+0 ast07.asm
  1162 000007FA 57                      push rdi
  1163 000007FB 56                      push rsi
  1164 000007FC 52                      push rdx
  1165 000007FD 51                      push rcx
  1166                                 
  1167 000007FE 488D3C25[00000000]      lea rdi, [newLine]
  1168 00000806 48C7C200000000          mov rdx, 0
  1169                                 ..@25.countLoop:
  1170 0000080D 803F00                  cmp byte [rdi], NULL
  1171 00000810 7406                    je ..@25.countLoopDone
  1172 00000812 48FFC7                  inc rdi
  1173 00000815 48FFC2                  inc rdx
  1174 00000818 EBF1                    jmp ..@25.countLoop
  1175                                 ..@25.countLoopDone:
  1176                                 
  1177 0000081A 48C7C001000000          mov rax, SYS_write
  1178 00000821 48C7C701000000          mov rdi, STDOUT
  1179 00000828 488D3425[00000000]      lea rsi, [newLine]
  1180 00000830 0F05                    syscall
  1181                                 
  1182 00000832 59                      pop rcx
  1183 00000833 5A                      pop rdx
  1184 00000834 5E                      pop rsi
  1185 00000835 5F                      pop rdi
  1186 00000836 58                      pop rax
  1187                                 %line 430+1 ast07.asm
  1188                                 
  1189                                 
  1190                                 
  1191                                 
  1192                                 last:
  1193 00000837 48C7C03C000000          mov rax, SYS_exit
  1194 0000083E 48C7C700000000          mov rdi, EXIT_SUCCESS
  1195 00000845 0F05                    syscall
  1196                                 
